2017-11-29 09:53:18.732 [main] INFO  org.springframework.context.support.ClassPathXmlApplicationContext [583] - Refreshing org.springframework.context.support.ClassPathXmlApplicationContext@6be46e8f: startup date [Wed Nov 29 09:53:18 CET 2017]; root of context hierarchy
2017-11-29 09:53:18.795 [main] INFO  org.springframework.beans.factory.xml.XmlBeanDefinitionReader [317] - Loading XML bean definitions from class path resource [com-capgemini-batch-prova-context.xml]
2017-11-29 09:53:18.965 [main] INFO  org.springframework.beans.factory.xml.XmlBeanDefinitionReader [317] - Loading XML bean definitions from class path resource [batch-commons-context.xml]
2017-11-29 09:53:19.309 [main] INFO  org.springframework.beans.factory.support.DefaultListableBeanFactory [828] - Overriding bean definition for bean 'dirPartitioner' with a different definition: replacing [Generic bean: class [com.capgemini.batch.commons.partitioners.DirPartitioner]; scope=step; abstract=false; lazyInit=false; autowireMode=0; dependencyCheck=0; autowireCandidate=false; primary=false; factoryBeanName=null; factoryMethodName=null; initMethodName=null; destroyMethodName=null; defined in class path resource [batch-commons-context.xml]] with [Root bean: class [org.springframework.aop.scope.ScopedProxyFactoryBean]; scope=; abstract=false; lazyInit=false; autowireMode=0; dependencyCheck=0; autowireCandidate=true; primary=false; factoryBeanName=null; factoryMethodName=null; initMethodName=null; destroyMethodName=null; defined in BeanDefinition defined in class path resource [batch-commons-context.xml]]
2017-11-29 09:53:19.496 [main] INFO  org.springframework.batch.core.launch.support.SimpleJobLauncher [195] - No TaskExecutor has been set, defaulting to synchronous executor.
2017-11-29 09:53:19.637 [main] INFO  com.capgemini.batch.commons.launchers.Launcher [27] - Going to run job [reportJob]
2017-11-29 09:53:19.637 [main] INFO  com.capgemini.batch.commons.launchers.MutexExecutionChecker [77] - In execution file <C:/temp/reportJob.mutex> created
2017-11-29 09:53:19.746 [main] INFO  org.springframework.batch.core.launch.support.SimpleJobLauncher [133] - Job: [FlowJob: [name=reportJob]] launched with the following parameters: [{}]
2017-11-29 09:53:19.762 [main] INFO  org.springframework.batch.core.job.SimpleStepHandler [146] - Executing step: [partitionerStep]
2017-11-29 09:53:19.793 [main] INFO  com.capgemini.batch.commons.partitioners.DirPartitioner [46] - Inizio partizionamento
2017-11-29 09:53:19.793 [main] DEBUG com.capgemini.batch.commons.partitioners.DirPartitioner [47] - {dir.partitioner.inputDirs=C:/temp/,C:/temp/logs, dir.partitioner.maxFilePerDir=5, logback.filename=myBatchlogFile, logback.append=true, launcher.mutex.dir=C:/temp/, dir.partitioner.fileSuffixs=PDF,JPG, logback.log.dir=C:/temp/logs/, logback.root.level=DEBUG}
2017-11-29 09:53:19.793 [main] DEBUG com.capgemini.batch.commons.partitioners.DirPartitioner [71] - trovati 10 file nella directory C:/temp/. Verranno elaborati al piu' maxFilePerDir = 5 file.
2017-11-29 09:53:19.793 [main] WARN  com.capgemini.batch.commons.partitioners.DirPartitioner [89] - non sono stati trovati file [[Ljava.lang.String;@16b2bb0c] nella directory C:/temp/logs
2017-11-29 09:53:19.793 [main] INFO  com.capgemini.batch.commons.partitioners.DirPartitioner [93] - Fine partizionamento: create [5] partizioni
2017-11-29 09:53:19.902 [SimpleAsyncTaskExecutor-4] DEBUG com.capgemini.batch.prova.tasklets.ManageFileTasklet [18] - ManageFileTasklet fileIn = file:C:\temp\001.JPG.JPG
2017-11-29 09:53:19.906 [SimpleAsyncTaskExecutor-3] DEBUG com.capgemini.batch.prova.tasklets.ManageFileTasklet [18] - ManageFileTasklet fileIn = file:C:\temp\001.JPG
2017-11-29 09:53:19.907 [SimpleAsyncTaskExecutor-2] DEBUG com.capgemini.batch.prova.tasklets.ManageFileTasklet [18] - ManageFileTasklet fileIn = file:C:\temp\20171122154237-0-S-01-829-926846438-001-0521-N-1§SCHEDA DI DANNO 01.926846438.001  FERRARI§.PDF
2017-11-29 09:53:19.907 [SimpleAsyncTaskExecutor-1] DEBUG com.capgemini.batch.prova.tasklets.ManageFileTasklet [18] - ManageFileTasklet fileIn = file:C:\temp\004253420.PDF
2017-11-29 09:53:19.907 [SimpleAsyncTaskExecutor-5] DEBUG com.capgemini.batch.prova.tasklets.ManageFileTasklet [18] - ManageFileTasklet fileIn = file:C:\temp\004253420.PDF.JPG
2017-11-29 09:53:19.923 [main] INFO  org.springframework.batch.core.launch.support.SimpleJobLauncher [136] - Job: [FlowJob: [name=reportJob]] completed with the following parameters: [{}] and the following status: [COMPLETED]
2017-11-29 09:53:19.923 [main] INFO  com.capgemini.batch.commons.launchers.Launcher [40] - Exit Status : COMPLETED
2017-11-29 09:53:19.923 [main] INFO  com.capgemini.batch.commons.launchers.MutexExecutionChecker [90] - In execution file <C:/temp/reportJob.mutex> deleted - result = true
2017-11-29 11:10:55.062 [main] INFO  org.springframework.context.support.ClassPathXmlApplicationContext [583] - Refreshing org.springframework.context.support.ClassPathXmlApplicationContext@6be46e8f: startup date [Wed Nov 29 11:10:55 CET 2017]; root of context hierarchy
2017-11-29 11:10:55.135 [main] INFO  org.springframework.beans.factory.xml.XmlBeanDefinitionReader [317] - Loading XML bean definitions from class path resource [id001_elab_pdf_scanner_context.xml]
2017-11-29 11:10:55.427 [main] INFO  org.springframework.beans.factory.xml.XmlBeanDefinitionReader [317] - Loading XML bean definitions from class path resource [batch-commons-context.xml]
2017-11-29 11:10:55.914 [main] WARN  org.springframework.context.support.ClassPathXmlApplicationContext [551] - Exception encountered during context initialization - cancelling refresh attempt: org.springframework.beans.factory.BeanInitializationException: Could not load properties; nested exception is java.io.FileNotFoundException: class path resource [conf/profile.id001_elab_pdf_scanner.${ambiente}.properties] cannot be opened because it does not exist
